App/app/build/intermediates/manifest_merge_blame_file/debug/processDebugMainManifest/manifest-merger-blame-debug-report.txt
1<?xml version="1.0" encoding="utf-8"?>
2<manifest xmlns:android="http://schemas.android.com/apk/res/android"
3    package="com.example.mobileseniorcare"
4    android:versionCode="1"
5    android:versionName="1.0" >
6
7    <uses-sdk
8        android:minSdkVersion="27"
9        android:targetSdkVersion="34" />
10
11    <permission
11-->[androidx.core:core:1.13.1] AndroidManifest.xml:22:5-24:47
12        android:name="com.example.mobileseniorcare.DYNAMIC_RECEIVER_NOT_EXPORTED_PERMISSION"
12-->[androidx.core:core:1.13.1] AndroidManifest.xml:23:9-81
13        android:protectionLevel="signature" />
13-->[androidx.core:core:1.13.1] AndroidManifest.xml:24:9-44
14
15    <uses-permission android:name="com.example.mobileseniorcare.DYNAMIC_RECEIVER_NOT_EXPORTED_PERMISSION" />
15-->[androidx.core:core:1.13.1] AndroidManifest.xml:26:5-97
15-->[androidx.core:core:1.13.1] AndroidManifest.xml:26:22-94
16
17    <application
17-->src\main\AndroidManifest.xml:5:5-76:19
18        android:allowBackup="true"
18-->src\main\AndroidManifest.xml:6:9-35
19        android:appComponentFactory="androidx.core.app.CoreComponentFactory"
19-->[androidx.core:core:1.13.1] AndroidManifest.xml:28:18-86
20        android:dataExtractionRules="@xml/data_extraction_rules"
20-->src\main\AndroidManifest.xml:7:9-65
21        android:debuggable="true"
22        android:extractNativeLibs="false"
23        android:fullBackupContent="@xml/backup_rules"
23-->src\main\AndroidManifest.xml:8:9-54
24        android:icon="@mipmap/ic_launcher"
24-->src\main\AndroidManifest.xml:9:9-43
25        android:label="@string/app_name"
25-->src\main\AndroidManifest.xml:10:9-41
26        android:roundIcon="@mipmap/ic_launcher_round"
26-->src\main\AndroidManifest.xml:11:9-54
27        android:supportsRtl="true"
27-->src\main\AndroidManifest.xml:12:9-35
28        android:theme="@style/Theme.MobileSeniorCare" >
28-->src\main\AndroidManifest.xml:13:9-54
29        <activity
29-->src\main\AndroidManifest.xml:15:9-19:61
30            android:name="com.example.mobileseniorcare.EdicaoPerfil"
30-->src\main\AndroidManifest.xml:16:13-41
31            android:exported="false"
31-->src\main\AndroidManifest.xml:17:13-37
32            android:label="@string/title_activity_edicao_perfil"
32-->src\main\AndroidManifest.xml:18:13-65
33            android:theme="@style/Theme.MobileSeniorCare" />
33-->src\main\AndroidManifest.xml:19:13-58
34        <activity
34-->src\main\AndroidManifest.xml:20:9-24:61
35            android:name="com.example.mobileseniorcare.Cadastro6"
35-->src\main\AndroidManifest.xml:21:13-38
36            android:exported="false"
36-->src\main\AndroidManifest.xml:22:13-37
37            android:label="@string/title_activity_cadastro6"
37-->src\main\AndroidManifest.xml:23:13-61
38            android:theme="@style/Theme.MobileSeniorCare" />
38-->src\main\AndroidManifest.xml:24:13-58
39        <activity
39-->src\main\AndroidManifest.xml:25:9-29:61
40            android:name="com.example.mobileseniorcare.Cadastro5"
40-->src\main\AndroidManifest.xml:26:13-38
41            android:exported="false"
41-->src\main\AndroidManifest.xml:27:13-37
42            android:label="@string/title_activity_cadastro5"
42-->src\main\AndroidManifest.xml:28:13-61
43            android:theme="@style/Theme.MobileSeniorCare" />
43-->src\main\AndroidManifest.xml:29:13-58
44        <activity
44-->src\main\AndroidManifest.xml:30:9-34:61
45            android:name="com.example.mobileseniorcare.Conversa"
45-->src\main\AndroidManifest.xml:31:13-37
46            android:exported="false"
46-->src\main\AndroidManifest.xml:32:13-37
47            android:label="@string/title_activity_conversa"
47-->src\main\AndroidManifest.xml:33:13-60
48            android:theme="@style/Theme.MobileSeniorCare" />
48-->src\main\AndroidManifest.xml:34:13-58
49        <activity
49-->src\main\AndroidManifest.xml:35:9-39:61
50            android:name="com.example.mobileseniorcare.ListagemDeConversa"
50-->src\main\AndroidManifest.xml:36:13-47
51            android:exported="false"
51-->src\main\AndroidManifest.xml:37:13-37
52            android:label="@string/title_activity_listagem_de_conversa"
52-->src\main\AndroidManifest.xml:38:13-72
53            android:theme="@style/Theme.MobileSeniorCare" />
53-->src\main\AndroidManifest.xml:39:13-58
54        <activity
54-->src\main\AndroidManifest.xml:40:9-44:61
55            android:name="com.example.mobileseniorcare.Cadastro4"
55-->src\main\AndroidManifest.xml:41:13-38
56            android:exported="true"
56-->src\main\AndroidManifest.xml:42:13-36
57            android:label="@string/title_activity_cadastro4"
57-->src\main\AndroidManifest.xml:43:13-61
58            android:theme="@style/Theme.MobileSeniorCare" />
58-->src\main\AndroidManifest.xml:44:13-58
59        <activity
59-->src\main\AndroidManifest.xml:45:9-49:61
60            android:name="com.example.mobileseniorcare.Cadastro3"
60-->src\main\AndroidManifest.xml:46:13-38
61            android:exported="true"
61-->src\main\AndroidManifest.xml:47:13-36
62            android:label="@string/title_activity_cadastro3"
62-->src\main\AndroidManifest.xml:48:13-61
63            android:theme="@style/Theme.MobileSeniorCare" />
63-->src\main\AndroidManifest.xml:49:13-58
64        <activity
64-->src\main\AndroidManifest.xml:50:9-54:61
65            android:name="com.example.mobileseniorcare.Cadastro2"
65-->src\main\AndroidManifest.xml:51:13-38
66            android:exported="true"
66-->src\main\AndroidManifest.xml:52:13-36
67            android:label="@string/title_activity_cadastro2"
67-->src\main\AndroidManifest.xml:53:13-61
68            android:theme="@style/Theme.MobileSeniorCare" />
68-->src\main\AndroidManifest.xml:54:13-58
69        <activity
69-->src\main\AndroidManifest.xml:55:9-59:61
70            android:name="com.example.mobileseniorcare.Cadastro1"
70-->src\main\AndroidManifest.xml:56:13-38
71            android:exported="true"
71-->src\main\AndroidManifest.xml:57:13-36
72            android:label="@string/title_activity_cadastro1"
72-->src\main\AndroidManifest.xml:58:13-61
73            android:theme="@style/Theme.MobileSeniorCare" />
73-->src\main\AndroidManifest.xml:59:13-58
74        <activity
74-->src\main\AndroidManifest.xml:60:9-64:61
75            android:name="com.example.mobileseniorcare.Login"
75-->src\main\AndroidManifest.xml:61:13-34
76            android:exported="true"
76-->src\main\AndroidManifest.xml:62:13-36
77            android:label="@string/title_activity_login"
77-->src\main\AndroidManifest.xml:63:13-57
78            android:theme="@style/Theme.MobileSeniorCare" />
78-->src\main\AndroidManifest.xml:64:13-58
79        <activity
79-->src\main\AndroidManifest.xml:65:9-75:20
80            android:name="com.example.mobileseniorcare.MainActivity"
80-->src\main\AndroidManifest.xml:66:13-41
81            android:exported="true"
81-->src\main\AndroidManifest.xml:67:13-36
82            android:label="@string/app_name"
82-->src\main\AndroidManifest.xml:68:13-45
83            android:theme="@style/Theme.MobileSeniorCare" >
83-->src\main\AndroidManifest.xml:69:13-58
84            <intent-filter>
84-->src\main\AndroidManifest.xml:70:13-74:29
85                <action android:name="android.intent.action.MAIN" />
85-->src\main\AndroidManifest.xml:71:17-69
85-->src\main\AndroidManifest.xml:71:25-66
86
87                <category android:name="android.intent.category.LAUNCHER" />
87-->src\main\AndroidManifest.xml:73:17-77
87-->src\main\AndroidManifest.xml:73:27-74
88            </intent-filter>
89        </activity>
90        <activity
90-->[androidx.compose.ui:ui-tooling-android:1.6.6] AndroidManifest.xml:23:9-25:39
91            android:name="androidx.compose.ui.tooling.PreviewActivity"
91-->[androidx.compose.ui:ui-tooling-android:1.6.6] AndroidManifest.xml:24:13-71
92            android:exported="true" />
92-->[androidx.compose.ui:ui-tooling-android:1.6.6] AndroidManifest.xml:25:13-36
93        <activity
93-->[androidx.compose.ui:ui-test-manifest:1.6.6] AndroidManifest.xml:23:9-25:39
94            android:name="androidx.activity.ComponentActivity"
94-->[androidx.compose.ui:ui-test-manifest:1.6.6] AndroidManifest.xml:24:13-63
95            android:exported="true" />
95-->[androidx.compose.ui:ui-test-manifest:1.6.6] AndroidManifest.xml:25:13-36
96
97        <provider
97-->[androidx.emoji2:emoji2:1.3.0] AndroidManifest.xml:24:9-32:20
98            android:name="androidx.startup.InitializationProvider"
98-->[androidx.emoji2:emoji2:1.3.0] AndroidManifest.xml:25:13-67
99            android:authorities="com.example.mobileseniorcare.androidx-startup"
99-->[androidx.emoji2:emoji2:1.3.0] AndroidManifest.xml:26:13-68
100            android:exported="false" >
100-->[androidx.emoji2:emoji2:1.3.0] AndroidManifest.xml:27:13-37
101            <meta-data
101-->[androidx.emoji2:emoji2:1.3.0] AndroidManifest.xml:29:13-31:52
102                android:name="androidx.emoji2.text.EmojiCompatInitializer"
102-->[androidx.emoji2:emoji2:1.3.0] AndroidManifest.xml:30:17-75
103                android:value="androidx.startup" />
103-->[androidx.emoji2:emoji2:1.3.0] AndroidManifest.xml:31:17-49
104            <meta-data
104-->[androidx.lifecycle:lifecycle-process:2.8.5] AndroidManifest.xml:29:13-31:52
105                android:name="androidx.lifecycle.ProcessLifecycleInitializer"
105-->[androidx.lifecycle:lifecycle-process:2.8.5] AndroidManifest.xml:30:17-78
106                android:value="androidx.startup" />
106-->[androidx.lifecycle:lifecycle-process:2.8.5] AndroidManifest.xml:31:17-49
107            <meta-data
107-->[androidx.profileinstaller:profileinstaller:1.3.1] AndroidManifest.xml:29:13-31:52
108                android:name="androidx.profileinstaller.ProfileInstallerInitializer"
108-->[androidx.profileinstaller:profileinstaller:1.3.1] AndroidManifest.xml:30:17-85
109                android:value="androidx.startup" />
109-->[androidx.profileinstaller:profileinstaller:1.3.1] AndroidManifest.xml:31:17-49
110        </provider>
111
112        <receiver
112-->[androidx.profileinstaller:profileinstaller:1.3.1] AndroidManifest.xml:34:9-52:20
113            android:name="androidx.profileinstaller.ProfileInstallReceiver"
113-->[androidx.profileinstaller:profileinstaller:1.3.1] AndroidManifest.xml:35:13-76
114            android:directBootAware="false"
114-->[androidx.profileinstaller:profileinstaller:1.3.1] AndroidManifest.xml:36:13-44
115            android:enabled="true"
115-->[androidx.profileinstaller:profileinstaller:1.3.1] AndroidManifest.xml:37:13-35
116            android:exported="true"
116-->[androidx.profileinstaller:profileinstaller:1.3.1] AndroidManifest.xml:38:13-36
117            android:permission="android.permission.DUMP" >
117-->[androidx.profileinstaller:profileinstaller:1.3.1] AndroidManifest.xml:39:13-57
118            <intent-filter>
118-->[androidx.profileinstaller:profileinstaller:1.3.1] AndroidManifest.xml:40:13-42:29
119                <action android:name="androidx.profileinstaller.action.INSTALL_PROFILE" />
119-->[androidx.profileinstaller:profileinstaller:1.3.1] AndroidManifest.xml:41:17-91
119-->[androidx.profileinstaller:profileinstaller:1.3.1] AndroidManifest.xml:41:25-88
120            </intent-filter>
121            <intent-filter>
121-->[androidx.profileinstaller:profileinstaller:1.3.1] AndroidManifest.xml:43:13-45:29
122                <action android:name="androidx.profileinstaller.action.SKIP_FILE" />
122-->[androidx.profileinstaller:profileinstaller:1.3.1] AndroidManifest.xml:44:17-85
122-->[androidx.profileinstaller:profileinstaller:1.3.1] AndroidManifest.xml:44:25-82
123            </intent-filter>
124            <intent-filter>
124-->[androidx.profileinstaller:profileinstaller:1.3.1] AndroidManifest.xml:46:13-48:29
125                <action android:name="androidx.profileinstaller.action.SAVE_PROFILE" />
125-->[androidx.profileinstaller:profileinstaller:1.3.1] AndroidManifest.xml:47:17-88
125-->[androidx.profileinstaller:profileinstaller:1.3.1] AndroidManifest.xml:47:25-85
126            </intent-filter>
127            <intent-filter>
127-->[androidx.profileinstaller:profileinstaller:1.3.1] AndroidManifest.xml:49:13-51:29
128                <action android:name="androidx.profileinstaller.action.BENCHMARK_OPERATION" />
128-->[androidx.profileinstaller:profileinstaller:1.3.1] AndroidManifest.xml:50:17-95
128-->[androidx.profileinstaller:profileinstaller:1.3.1] AndroidManifest.xml:50:25-92
129            </intent-filter>
130        </receiver>
131    </application>
132
133</manifest>